<?xml version="1.0" encoding="UTF-8"?>
<!-- Generated by org.testng.reporters.JUnitXMLReporter -->
<testsuite ignored="0" hostname="SnehBharti" failures="0" tests="4" name="Default test" time="0.607" errors="0" timestamp="2025-12-02T21:54:39 IST">
  <testcase classname="testcases.DataProvider_Test" name="createApplication" time="0.008"/>
  <testcase classname="testcases.DataProvider_Test" name="createApplication" time="0.0"/>
  <testcase classname="testcases.DataProvider_Test" name="createApplication" time="0.001"/>
  <testcase classname="testcases.DataProvider_Test" name="createApplication" time="0.001"/>
</testsuite> <!-- Default test -->
