<?xml version="1.0" encoding="UTF-8"?>
<!-- Generated by org.testng.reporters.JUnitReportReporter -->
<testsuite hostname="SnehBharti" failures="0" tests="4" name="testcases.DataProvider_Test" time="0.012" errors="0" timestamp="2025-12-05T12:58:06 IST" skipped="0">
  <testcase classname="testcases.DataProvider_Test" name="createApplication" time="0.009"/>
  <system-out/>
  <testcase classname="testcases.DataProvider_Test" name="createApplication" time="0.001"/>
  <system-out/>
  <testcase classname="testcases.DataProvider_Test" name="createApplication" time="0.001"/>
  <system-out/>
  <testcase classname="testcases.DataProvider_Test" name="createApplication" time="0.001"/>
  <system-out/>
</testsuite> <!-- testcases.DataProvider_Test -->
